actionid: tox
msg: packaging
cmdargs: "/home/badwolf/.virtualenvs/supermario/bin/python3 '/media/badwolf/Windows/Users/Urja Nadibail/acads/sem3/ssad/Super_Mario/Super_Mario/20171170_Assign1/20171170_Assign1/setup.py' sdist --formats=zip --dist-dir '/media/badwolf/Windows/Users/Urja Nadibail/acads/sem3/ssad/Super_Mario/Super_Mario/20171170_Assign1/20171170_Assign1/.tox/dist'"

running sdist
running egg_info
writing dependency_links to Mario.egg-info/dependency_links.txt
writing top-level names to Mario.egg-info/top_level.txt
writing Mario.egg-info/PKG-INFO
reading manifest file 'Mario.egg-info/SOURCES.txt'
writing manifest file 'Mario.egg-info/SOURCES.txt'
running check
warning: check: missing required meta-data: url

warning: check: missing meta-data: either (author and author_email) or (maintainer and maintainer_email) must be supplied

creating Mario-0.1
creating Mario-0.1/tests
creating Mario-0.1/Mario.egg-info
copying files to Mario-0.1...
copying README.md -> Mario-0.1
copying setup.py -> Mario-0.1
copying ./tests/__init__.py -> Mario-0.1/./tests
copying ./tests/test_falling_in_pits.py -> Mario-0.1/./tests
copying ./tests/test_getcoods.py -> Mario-0.1/./tests
copying ./tests/test_gravity.py -> Mario-0.1/./tests
copying ./tests/test_gravity_cant.py -> Mario-0.1/./tests
copying ./tests/test_jump.py -> Mario-0.1/./tests
copying ./tests/test_left_movement.py -> Mario-0.1/./tests
copying ./tests/test_move_beyond_left_edge.py -> Mario-0.1/./tests
copying ./tests/test_obstacle_block.py -> Mario-0.1/./tests
copying ./tests/test_right_movement.py -> Mario-0.1/./tests
copying ./tests/test_score.py -> Mario-0.1/./tests
copying ./tests/test_speed.py -> Mario-0.1/./tests
copying Mario.egg-info/PKG-INFO -> Mario-0.1/Mario.egg-info
copying Mario.egg-info/SOURCES.txt -> Mario-0.1/Mario.egg-info
copying Mario.egg-info/dependency_links.txt -> Mario-0.1/Mario.egg-info
copying Mario.egg-info/top_level.txt -> Mario-0.1/Mario.egg-info
Writing Mario-0.1/setup.cfg
creating '.tox/dist/Mario-0.1.zip' and adding 'Mario-0.1' to it
adding 'Mario-0.1/PKG-INFO'
adding 'Mario-0.1/README.md'
adding 'Mario-0.1/setup.cfg'
adding 'Mario-0.1/setup.py'
adding 'Mario-0.1/Mario.egg-info/dependency_links.txt'
adding 'Mario-0.1/Mario.egg-info/PKG-INFO'
adding 'Mario-0.1/Mario.egg-info/SOURCES.txt'
adding 'Mario-0.1/Mario.egg-info/top_level.txt'
adding 'Mario-0.1/tests/test_falling_in_pits.py'
adding 'Mario-0.1/tests/test_getcoods.py'
adding 'Mario-0.1/tests/test_gravity.py'
adding 'Mario-0.1/tests/test_gravity_cant.py'
adding 'Mario-0.1/tests/test_jump.py'
adding 'Mario-0.1/tests/test_left_movement.py'
adding 'Mario-0.1/tests/test_move_beyond_left_edge.py'
adding 'Mario-0.1/tests/test_obstacle_block.py'
adding 'Mario-0.1/tests/test_right_movement.py'
adding 'Mario-0.1/tests/test_score.py'
adding 'Mario-0.1/tests/test_speed.py'
adding 'Mario-0.1/tests/__init__.py'
removing 'Mario-0.1' (and everything under it)
